{"message":"07/09/2021, 16:37:08: Successfully inserted a note: {\n  title: 'First Note',\n  description: 'Lorem Ipsum',\n  _id: new ObjectId(\"613747deaf5f201cb73364d2\"),\n  __v: 0\n}","level":"info","service":"user-service"}
{"message":"07/09/2021, 16:37:08: Successfully inserted a note: {\n  title: 'First Note',\n  description: 'Lorem Ipsum',\n  _id: new ObjectId(\"613747f7af5f201cb73364d4\"),\n  color: '#FFFFFF',\n  __v: 0\n}","level":"info","service":"user-service"}
{"message":"07/09/2021, 16:42:33: Successfully queried all notes: {\n  _id: new ObjectId(\"613747deaf5f201cb73364d2\"),\n  title: 'First Note',\n  description: 'Lorem Ipsum',\n  __v: 0\n},{\n  _id: new ObjectId(\"613747f7af5f201cb73364d4\"),\n  title: 'First Note',\n  description: 'Lorem Ipsum',\n  color: '#FFFFFF',\n  __v: 0\n}","level":"info","service":"user-service"}
{"message":"07/09/2021, 18:37:38: Successfully queried all notes: {\n  _id: new ObjectId(\"613747deaf5f201cb73364d2\"),\n  title: 'First Note',\n  description: 'Lorem Ipsum',\n  __v: 0\n},{\n  _id: new ObjectId(\"613747f7af5f201cb73364d4\"),\n  title: 'First Note',\n  description: 'Lorem Ipsum',\n  color: '#FFFFFF',\n  __v: 0\n}","level":"info","service":"user-service"}
{"message":"07/09/2021, 18:37:38: Successfully queried all notes: {\n  _id: new ObjectId(\"613747deaf5f201cb73364d2\"),\n  title: 'First Note',\n  description: 'Lorem Ipsum',\n  __v: 0\n},{\n  _id: new ObjectId(\"613747f7af5f201cb73364d4\"),\n  title: 'First Note',\n  description: 'Lorem Ipsum',\n  color: '#FFFFFF',\n  __v: 0\n}","level":"info","service":"user-service"}
{"message":"08/09/2021, 08:57:53: Status 422: [object Object]","level":"error","service":"user-service"}
{"message":"08/09/2021, 08:57:53: Status 422: [object Object]","level":"error","service":"user-service"}
{"message":"08/09/2021, 08:57:53: Successfully signed up: {\n  firstName: 'Abcd',\n  lastName: 'Defg',\n  email: 'string@gmail.com',\n  password: 'string',\n  _id: new ObjectId(\"61382ea8b1c53753631db6a8\"),\n  __v: 0\n}","level":"info","service":"user-service"}
{"message":"08/09/2021, 08:57:53: Status 400: Cannot set headers after they are sent to the client.","level":"error","service":"user-service"}
{"message":"08/09/2021, 20:51:17: Successfully queried all notes: {\n  isDeleted: false,\n  _id: new ObjectId(\"613747deaf5f201cb73364d2\"),\n  title: 'First Note',\n  description: 'Lorem Ipsum',\n  __v: 0\n},{\n  isDeleted: false,\n  _id: new ObjectId(\"613747f7af5f201cb73364d4\"),\n  title: 'First Note',\n  description: 'Lorem Ipsum',\n  color: '#FFFFFF',\n  __v: 0\n}","level":"info","service":"user-service"}
{"message":"08/09/2021, 20:51:56: Successfully deleted note: {\n  isDeleted: false,\n  _id: new ObjectId(\"613747deaf5f201cb73364d2\"),\n  title: 'First Note',\n  description: 'Lorem Ipsum',\n  __v: 0\n},{\n  isDeleted: false,\n  _id: new ObjectId(\"613747f7af5f201cb73364d4\"),\n  title: 'First Note',\n  description: 'Lorem Ipsum',\n  color: '#FFFFFF',\n  __v: 0\n}","level":"info","service":"user-service"}
{"message":"08/09/2021, 20:51:56: Successfully deleted note: {\n  isDeleted: false,\n  _id: new ObjectId(\"613747deaf5f201cb73364d2\"),\n  title: 'First Note',\n  description: 'Lorem Ipsum',\n  __v: 0\n},{\n  isDeleted: false,\n  _id: new ObjectId(\"613747f7af5f201cb73364d4\"),\n  title: 'First Note',\n  description: 'Lorem Ipsum',\n  color: '#FFFFFF',\n  __v: 0\n}","level":"info","service":"user-service"}
{"message":"08/09/2021, 20:51:56: Successfully inserted a note: {\n  title: 'First Note',\n  description: 'Lorem DIpsum',\n  isDeleted: false,\n  _id: new ObjectId(\"6138d5294dbaec63e2a81c8f\"),\n  color: '#FFFFFF',\n  __v: 0\n}","level":"info","service":"user-service"}
{"message":"08/09/2021, 20:51:56: Successfully deleted note: {\n  isDeleted: false,\n  _id: new ObjectId(\"613747deaf5f201cb73364d2\"),\n  title: 'First Note',\n  description: 'Lorem Ipsum',\n  __v: 0\n},{\n  isDeleted: false,\n  _id: new ObjectId(\"613747f7af5f201cb73364d4\"),\n  title: 'First Note',\n  description: 'Lorem Ipsum',\n  color: '#FFFFFF',\n  __v: 0\n},{\n  _id: new ObjectId(\"6138d5294dbaec63e2a81c8f\"),\n  title: 'First Note',\n  description: 'Lorem DIpsum',\n  isDeleted: false,\n  color: '#FFFFFF',\n  __v: 0\n}","level":"info","service":"user-service"}
{"message":"08/09/2021, 20:51:56: Successfully deleted note: {\n  isDeleted: false,\n  _id: new ObjectId(\"613747deaf5f201cb73364d2\"),\n  title: 'First Note',\n  description: 'Lorem Ipsum',\n  __v: 0\n},{\n  isDeleted: false,\n  _id: new ObjectId(\"613747f7af5f201cb73364d4\"),\n  title: 'First Note',\n  description: 'Lorem Ipsum',\n  color: '#FFFFFF',\n  __v: 0\n},{\n  _id: new ObjectId(\"6138d5294dbaec63e2a81c8f\"),\n  title: 'First Note',\n  description: 'Lorem DIpsum',\n  isDeleted: false,\n  color: '#FFFFFF',\n  __v: 0\n}","level":"info","service":"user-service"}
{"message":"08/09/2021, 20:51:56: Successfully deleted note: {\n  isDeleted: false,\n  _id: new ObjectId(\"613747deaf5f201cb73364d2\"),\n  title: 'First Note',\n  description: 'Lorem Ipsum',\n  __v: 0\n},{\n  isDeleted: false,\n  _id: new ObjectId(\"613747f7af5f201cb73364d4\"),\n  title: 'First Note',\n  description: 'Lorem Ipsum',\n  color: '#FFFFFF',\n  __v: 0\n},{\n  _id: new ObjectId(\"6138d5294dbaec63e2a81c8f\"),\n  title: 'First Note',\n  description: 'Lorem DIpsum',\n  isDeleted: false,\n  color: '#FFFFFF',\n  __v: 0\n}","level":"info","service":"user-service"}
{"message":"08/09/2021, 20:51:56: Successfully deleted note: {\n  isDeleted: false,\n  _id: new ObjectId(\"613747deaf5f201cb73364d2\"),\n  title: 'First Note',\n  description: 'Lorem Ipsum',\n  __v: 0\n},{\n  isDeleted: false,\n  _id: new ObjectId(\"613747f7af5f201cb73364d4\"),\n  title: 'First Note',\n  description: 'Lorem Ipsum',\n  color: '#FFFFFF',\n  __v: 0\n},{\n  _id: new ObjectId(\"6138d5294dbaec63e2a81c8f\"),\n  title: 'First Note',\n  description: 'Lorem DIpsum',\n  isDeleted: false,\n  color: '#FFFFFF',\n  __v: 0\n}","level":"info","service":"user-service"}
{"message":"08/09/2021, 20:51:56: Successfully deleted note: {\n  isDeleted: false,\n  _id: new ObjectId(\"613747deaf5f201cb73364d2\"),\n  title: 'First Note',\n  description: 'Lorem Ipsum',\n  __v: 0\n},{\n  isDeleted: false,\n  _id: new ObjectId(\"613747f7af5f201cb73364d4\"),\n  title: 'First Note',\n  description: 'Lorem Ipsum',\n  color: '#FFFFFF',\n  __v: 0\n},{\n  _id: new ObjectId(\"6138d5294dbaec63e2a81c8f\"),\n  title: 'First Note',\n  description: 'Lorem DIpsum',\n  isDeleted: false,\n  color: '#FFFFFF',\n  __v: 0\n}","level":"info","service":"user-service"}
{"message":"08/09/2021, 20:51:56: Successfully deleted note: {\n  isDeleted: false,\n  _id: new ObjectId(\"613747deaf5f201cb73364d2\"),\n  title: 'First Note',\n  description: 'Lorem Ipsum',\n  __v: 0\n},{\n  isDeleted: false,\n  _id: new ObjectId(\"613747f7af5f201cb73364d4\"),\n  title: 'First Note',\n  description: 'Lorem Ipsum',\n  color: '#FFFFFF',\n  __v: 0\n},{\n  _id: new ObjectId(\"6138d5294dbaec63e2a81c8f\"),\n  title: 'First Note',\n  description: 'Lorem DIpsum',\n  isDeleted: false,\n  color: '#FFFFFF',\n  __v: 0\n}","level":"info","service":"user-service"}
{"message":"08/09/2021, 20:55:31: Successfully deleted note: {\n  isDeleted: false,\n  _id: new ObjectId(\"613747deaf5f201cb73364d2\"),\n  title: 'First Note',\n  description: 'Lorem Ipsum',\n  __v: 0\n},{\n  isDeleted: false,\n  _id: new ObjectId(\"613747f7af5f201cb73364d4\"),\n  title: 'First Note',\n  description: 'Lorem Ipsum',\n  color: '#FFFFFF',\n  __v: 0\n},{\n  _id: new ObjectId(\"6138d5294dbaec63e2a81c8f\"),\n  title: 'First Note',\n  description: 'Lorem DIpsum',\n  isDeleted: false,\n  color: '#FFFFFF',\n  __v: 0\n}","level":"info","service":"user-service"}
{"message":"08/09/2021, 20:56:30: Successfully deleted note: {\n  isDeleted: false,\n  _id: new ObjectId(\"613747deaf5f201cb73364d2\"),\n  title: 'First Note',\n  description: 'Lorem Ipsum',\n  __v: 0\n},{\n  isDeleted: false,\n  _id: new ObjectId(\"613747f7af5f201cb73364d4\"),\n  title: 'First Note',\n  description: 'Lorem Ipsum',\n  color: '#FFFFFF',\n  __v: 0\n},{\n  _id: new ObjectId(\"6138d5294dbaec63e2a81c8f\"),\n  title: 'First Note',\n  description: 'Lorem DIpsum',\n  isDeleted: false,\n  color: '#FFFFFF',\n  __v: 0\n}","level":"info","service":"user-service"}
{"message":"08/09/2021, 20:56:30: Successfully deleted note: {\n  isDeleted: false,\n  _id: new ObjectId(\"613747deaf5f201cb73364d2\"),\n  title: 'First Note',\n  description: 'Lorem Ipsum',\n  __v: 0\n},{\n  isDeleted: false,\n  _id: new ObjectId(\"613747f7af5f201cb73364d4\"),\n  title: 'First Note',\n  description: 'Lorem Ipsum',\n  color: '#FFFFFF',\n  __v: 0\n},{\n  _id: new ObjectId(\"6138d5294dbaec63e2a81c8f\"),\n  title: 'First Note',\n  description: 'Lorem DIpsum',\n  isDeleted: false,\n  color: '#FFFFFF',\n  __v: 0\n}","level":"info","service":"user-service"}
{"message":"08/09/2021, 20:57:09: Successfully deleted note: {\n  isDeleted: false,\n  _id: new ObjectId(\"613747deaf5f201cb73364d2\"),\n  title: 'First Note',\n  description: 'Lorem Ipsum',\n  __v: 0\n}","level":"info","service":"user-service"}
{"message":"08/09/2021, 20:57:09: Successfully deleted note: {\n  isDeleted: false,\n  _id: new ObjectId(\"613747deaf5f201cb73364d2\"),\n  title: 'First Note',\n  description: 'Lorem Ipsum',\n  __v: 0\n}","level":"info","service":"user-service"}
{"message":"08/09/2021, 20:57:09: Successfully deleted note: {\n  isDeleted: false,\n  _id: new ObjectId(\"613747deaf5f201cb73364d2\"),\n  title: 'First Note',\n  description: 'Lorem Ipsum',\n  __v: 0\n}","level":"info","service":"user-service"}
{"message":"08/09/2021, 20:57:09: Successfully deleted note: {\n  isDeleted: false,\n  _id: new ObjectId(\"613747deaf5f201cb73364d2\"),\n  title: 'First Note',\n  description: 'Lorem Ipsum',\n  __v: 0\n}","level":"info","service":"user-service"}
{"message":"08/09/2021, 20:57:09: Successfully deleted note: {\n  isDeleted: false,\n  _id: new ObjectId(\"613747deaf5f201cb73364d2\"),\n  title: 'First Note',\n  description: 'Lorem Ipsum',\n  __v: 0\n}","level":"info","service":"user-service"}
{"message":"08/09/2021, 20:57:35: Successfully deleted note: {\n  isDeleted: false,\n  _id: new ObjectId(\"613747deaf5f201cb73364d2\"),\n  title: 'First Note',\n  description: 'Lorem Ipsum',\n  __v: 0\n}","level":"info","service":"user-service"}
{"message":"08/09/2021, 20:57:35: Successfully deleted note: {\n  isDeleted: false,\n  _id: new ObjectId(\"613747deaf5f201cb73364d2\"),\n  title: 'First Note',\n  description: 'Lorem Ipsum',\n  __v: 0\n}","level":"info","service":"user-service"}
{"message":"08/09/2021, 20:57:35: Successfully deleted note: {\n  isDeleted: false,\n  _id: new ObjectId(\"613747deaf5f201cb73364d2\"),\n  title: 'First Note',\n  description: 'Lorem Ipsum',\n  __v: 0\n}","level":"info","service":"user-service"}
{"message":"08/09/2021, 20:57:35: Successfully deleted note: {\n  isDeleted: false,\n  _id: new ObjectId(\"613747deaf5f201cb73364d2\"),\n  title: 'First Note',\n  description: 'Lorem Ipsum',\n  __v: 0\n}","level":"info","service":"user-service"}
{"message":"08/09/2021, 21:19:15: Successfully deleted note: {\n  isDeleted: false,\n  _id: new ObjectId(\"613747deaf5f201cb73364d2\"),\n  title: 'First Note',\n  description: 'Lorem Ipsum',\n  __v: 0\n}","level":"info","service":"user-service"}
{"message":"08/09/2021, 21:19:15: Successfully deleted note: {\n  isDeleted: false,\n  _id: new ObjectId(\"613747deaf5f201cb73364d2\"),\n  title: 'First Note',\n  description: 'Lorem Ipsum',\n  __v: 0\n}","level":"info","service":"user-service"}
{"message":"08/09/2021, 21:19:15: Successfully deleted note: {\n  isDeleted: false,\n  _id: new ObjectId(\"613747deaf5f201cb73364d2\"),\n  title: 'First Note',\n  description: 'Lorem Ipsum',\n  __v: 0\n}","level":"info","service":"user-service"}
{"message":"08/09/2021, 21:40:22: Status 400: nodeToDelete.save is not a function","level":"error","service":"user-service"}
{"message":"08/09/2021, 21:43:54: Status 400: nodeToDelete is not defined","level":"error","service":"user-service"}
{"message":"08/09/2021, 21:45:15: Status 400: nodeToDelete is not defined","level":"error","service":"user-service"}
{"message":"08/09/2021, 21:45:15: Status 400: nodeToDelete is not defined","level":"error","service":"user-service"}
{"message":"08/09/2021, 21:45:15: Status 400: nodeToDelete is not defined","level":"error","service":"user-service"}
{"message":"08/09/2021, 21:46:11: Status 400: response.nodeToDelete.save is not a function","level":"error","service":"user-service"}
{"message":"08/09/2021, 21:49:33: Status 400: Note validation failed: title: Path `title` is required., description: Path `description` is required.","level":"error","service":"user-service"}
{"message":"08/09/2021, 21:50:14: Status 400: Note validation failed: title: Path `title` is required., description: Path `description` is required.","level":"error","service":"user-service"}
{"message":"08/09/2021, 21:50:14: Status 400: Note validation failed: title: Path `title` is required., description: Path `description` is required.","level":"error","service":"user-service"}
{"message":"08/09/2021, 21:50:14: Status 400: Note validation failed: title: Path `title` is required., description: Path `description` is required.","level":"error","service":"user-service"}
{"message":"08/09/2021, 21:50:14: Status 400: Note validation failed: title: Path `title` is required., description: Path `description` is required.","level":"error","service":"user-service"}
{"message":"08/09/2021, 21:50:14: Status 400: Note validation failed: title: Path `title` is required., description: Path `description` is required.","level":"error","service":"user-service"}
{"message":"08/09/2021, 21:50:14: Status 400: Note validation failed: title: Path `title` is required., description: Path `description` is required.","level":"error","service":"user-service"}
{"message":"12/09/2021, 18:25:08: Successfully queried all notes: {\n  isDeleted: false,\n  _id: new ObjectId(\"613747deaf5f201cb73364d2\"),\n  title: 'First Note',\n  description: 'Lorem Ipsum',\n  __v: 0\n},{\n  isDeleted: false,\n  _id: new ObjectId(\"613747f7af5f201cb73364d4\"),\n  title: 'First Note',\n  description: 'Lorem Ipsum',\n  color: '#FFFFFF',\n  __v: 0\n},{\n  _id: new ObjectId(\"6138d5294dbaec63e2a81c8f\"),\n  title: 'First Note',\n  description: 'Lorem DIpsum',\n  isDeleted: false,\n  color: '#FFFFFF',\n  __v: 0\n}","level":"info","service":"user-service"}
{"message":"12/09/2021, 18:25:08: Successfully Archived: null","level":"info","service":"user-service"}
{"message":"12/09/2021, 18:26:19: Successfully queried all notes: {\n  isDeleted: false,\n  _id: new ObjectId(\"613747deaf5f201cb73364d2\"),\n  title: 'First Note',\n  description: 'Lorem Ipsum',\n  __v: 0\n},{\n  isDeleted: false,\n  _id: new ObjectId(\"613747f7af5f201cb73364d4\"),\n  title: 'First Note',\n  description: 'Lorem Ipsum',\n  color: '#FFFFFF',\n  __v: 0\n},{\n  _id: new ObjectId(\"6138d5294dbaec63e2a81c8f\"),\n  title: 'First Note',\n  description: 'Lorem DIpsum',\n  isDeleted: false,\n  color: '#FFFFFF',\n  __v: 0\n}","level":"info","service":"user-service"}
{"message":"12/09/2021, 18:26:19: Successfully Archived: null","level":"info","service":"user-service"}
{"message":"12/09/2021, 18:27:08: Successfully queried all notes: {\n  isDeleted: false,\n  _id: new ObjectId(\"613747deaf5f201cb73364d2\"),\n  title: 'First Note',\n  description: 'Lorem Ipsum',\n  __v: 0\n},{\n  isDeleted: false,\n  _id: new ObjectId(\"613747f7af5f201cb73364d4\"),\n  title: 'First Note',\n  description: 'Lorem Ipsum',\n  color: '#FFFFFF',\n  __v: 0\n},{\n  _id: new ObjectId(\"6138d5294dbaec63e2a81c8f\"),\n  title: 'First Note',\n  description: 'Lorem DIpsum',\n  isDeleted: false,\n  color: '#FFFFFF',\n  __v: 0\n}","level":"info","service":"user-service"}
{"message":"12/09/2021, 18:27:08: Successfully queried all notes: {\n  isDeleted: false,\n  _id: new ObjectId(\"613747deaf5f201cb73364d2\"),\n  title: 'First Note',\n  description: 'Lorem Ipsum',\n  __v: 0\n},{\n  isDeleted: false,\n  _id: new ObjectId(\"613747f7af5f201cb73364d4\"),\n  title: 'First Note',\n  description: 'Lorem Ipsum',\n  color: '#FFFFFF',\n  __v: 0\n},{\n  _id: new ObjectId(\"6138d5294dbaec63e2a81c8f\"),\n  title: 'First Note',\n  description: 'Lorem DIpsum',\n  isDeleted: false,\n  color: '#FFFFFF',\n  __v: 0\n}","level":"info","service":"user-service"}
{"message":"12/09/2021, 18:27:08: Successfully Deleted","level":"info","service":"user-service"}
{"message":"12/09/2021, 18:27:08: Successfully queried all notes: {\n  isDeleted: false,\n  _id: new ObjectId(\"613747deaf5f201cb73364d2\"),\n  title: 'First Note',\n  description: 'Lorem Ipsum',\n  __v: 0\n},{\n  isDeleted: false,\n  _id: new ObjectId(\"613747f7af5f201cb73364d4\"),\n  title: 'First Note',\n  description: 'Lorem Ipsum',\n  color: '#FFFFFF',\n  __v: 0\n},{\n  _id: new ObjectId(\"6138d5294dbaec63e2a81c8f\"),\n  title: 'First Note',\n  description: 'Lorem DIpsum',\n  isDeleted: false,\n  color: '#FFFFFF',\n  __v: 0\n}","level":"info","service":"user-service"}
{"message":"12/09/2021, 18:27:44: Successfully Deleted","level":"info","service":"user-service"}
{"message":"12/09/2021, 18:28:59: Successfully Deleted","level":"info","service":"user-service"}
{"message":"12/09/2021, 18:29:14: Successfully Deleted","level":"info","service":"user-service"}
{"message":"12/09/2021, 18:29:14: Successfully queried all notes: {\n  _id: new ObjectId(\"613747deaf5f201cb73364d2\"),\n  title: 'First Note',\n  description: 'Lorem Ipsum',\n  __v: 0,\n  isDeleted: true\n},{\n  isDeleted: false,\n  _id: new ObjectId(\"613747f7af5f201cb73364d4\"),\n  title: 'First Note',\n  description: 'Lorem Ipsum',\n  color: '#FFFFFF',\n  __v: 0\n},{\n  _id: new ObjectId(\"6138d5294dbaec63e2a81c8f\"),\n  title: 'First Note',\n  description: 'Lorem DIpsum',\n  isDeleted: false,\n  color: '#FFFFFF',\n  __v: 0\n}","level":"info","service":"user-service"}
{"message":"12/09/2021, 18:29:42: Successfully Deleted","level":"info","service":"user-service"}
{"message":"12/09/2021, 18:29:42: Successfully queried all notes: {\n  _id: new ObjectId(\"613747deaf5f201cb73364d2\"),\n  title: 'First Note',\n  description: 'Lorem Ipsum',\n  __v: 0,\n  isDeleted: true\n},{\n  isDeleted: false,\n  _id: new ObjectId(\"613747f7af5f201cb73364d4\"),\n  title: 'First Note',\n  description: 'Lorem Ipsum',\n  color: '#FFFFFF',\n  __v: 0\n},{\n  _id: new ObjectId(\"6138d5294dbaec63e2a81c8f\"),\n  title: 'First Note',\n  description: 'Lorem DIpsum',\n  isDeleted: false,\n  color: '#FFFFFF',\n  __v: 0\n}","level":"info","service":"user-service"}
{"message":"12/09/2021, 18:29:42: Successfully Deleted","level":"info","service":"user-service"}
{"message":"12/09/2021, 18:29:42: Successfully queried all notes: {\n  _id: new ObjectId(\"613747deaf5f201cb73364d2\"),\n  title: 'First Note',\n  description: 'Lorem Ipsum',\n  __v: 0,\n  isDeleted: true\n},{\n  isDeleted: false,\n  _id: new ObjectId(\"613747f7af5f201cb73364d4\"),\n  title: 'First Note',\n  description: 'Lorem Ipsum',\n  color: '#FFFFFF',\n  __v: 0\n},{\n  _id: new ObjectId(\"6138d5294dbaec63e2a81c8f\"),\n  title: 'First Note',\n  description: 'Lorem DIpsum',\n  isDeleted: true,\n  color: '#FFFFFF',\n  __v: 0\n}","level":"info","service":"user-service"}
{"message":"12/09/2021, 18:55:31: Successfully Deleted","level":"info","service":"user-service"}
{"message":"12/09/2021, 18:55:31: Successfully queried all notes: {\n  _id: new ObjectId(\"613747deaf5f201cb73364d2\"),\n  title: 'First Note',\n  description: 'Lorem Ipsum',\n  __v: 0,\n  isDeleted: true\n},{\n  isDeleted: false,\n  _id: new ObjectId(\"613747f7af5f201cb73364d4\"),\n  title: 'First Note',\n  description: 'Lorem Ipsum',\n  color: '#FFFFFF',\n  __v: 0\n},{\n  _id: new ObjectId(\"6138d5294dbaec63e2a81c8f\"),\n  title: 'First Note',\n  description: 'Lorem DIpsum',\n  isDeleted: true,\n  color: '#FFFFFF',\n  __v: 0\n}","level":"info","service":"user-service"}
{"message":"12/09/2021, 18:56:30: Successfully queried all notes: {\n  isPinned: false,\n  isArchived: false,\n  _id: new ObjectId(\"613747deaf5f201cb73364d2\"),\n  title: 'First Note',\n  description: 'Lorem Ipsum',\n  __v: 0,\n  isDeleted: true\n},{\n  isPinned: false,\n  isArchived: false,\n  isDeleted: false,\n  _id: new ObjectId(\"613747f7af5f201cb73364d4\"),\n  title: 'First Note',\n  description: 'Lorem Ipsum',\n  color: '#FFFFFF',\n  __v: 0\n},{\n  isPinned: false,\n  isArchived: false,\n  _id: new ObjectId(\"6138d5294dbaec63e2a81c8f\"),\n  title: 'First Note',\n  description: 'Lorem DIpsum',\n  isDeleted: true,\n  color: '#FFFFFF',\n  __v: 0\n}","level":"info","service":"user-service"}
{"message":"12/09/2021, 18:56:30: Successfully Deleted","level":"info","service":"user-service"}
{"message":"12/09/2021, 18:56:30: Successfully queried all notes: {\n  isPinned: false,\n  isArchived: false,\n  _id: new ObjectId(\"613747deaf5f201cb73364d2\"),\n  title: 'First Note',\n  description: 'Lorem Ipsum',\n  __v: 0,\n  isDeleted: true\n},{\n  isPinned: false,\n  isArchived: false,\n  isDeleted: false,\n  _id: new ObjectId(\"613747f7af5f201cb73364d4\"),\n  title: 'First Note',\n  description: 'Lorem Ipsum',\n  color: '#FFFFFF',\n  __v: 0\n},{\n  isPinned: false,\n  isArchived: false,\n  _id: new ObjectId(\"6138d5294dbaec63e2a81c8f\"),\n  title: 'First Note',\n  description: 'Lorem DIpsum',\n  isDeleted: true,\n  color: '#FFFFFF',\n  __v: 0\n}","level":"info","service":"user-service"}
{"message":"12/09/2021, 18:58:45: Successfully Deleted","level":"info","service":"user-service"}
{"message":"12/09/2021, 18:58:45: Successfully queried all notes: {\n  isPinned: false,\n  isArchived: false,\n  _id: new ObjectId(\"613747deaf5f201cb73364d2\"),\n  title: 'First Note',\n  description: 'Lorem Ipsum',\n  __v: 0,\n  isDeleted: true\n},{\n  isPinned: false,\n  isArchived: false,\n  isDeleted: false,\n  _id: new ObjectId(\"613747f7af5f201cb73364d4\"),\n  title: 'First Note',\n  description: 'Lorem Ipsum',\n  color: '#FFFFFF',\n  __v: 0\n},{\n  isPinned: false,\n  isArchived: false,\n  _id: new ObjectId(\"6138d5294dbaec63e2a81c8f\"),\n  title: 'First Note',\n  description: 'Lorem DIpsum',\n  isDeleted: true,\n  color: '#FFFFFF',\n  __v: 0\n}","level":"info","service":"user-service"}
{"message":"12/09/2021, 18:59:34: Successfully Archived","level":"info","service":"user-service"}
{"message":"12/09/2021, 18:59:34: Successfully queried all notes: {\n  isPinned: false,\n  _id: new ObjectId(\"613747deaf5f201cb73364d2\"),\n  title: 'First Note',\n  description: 'Lorem Ipsum',\n  __v: 0,\n  isDeleted: true,\n  isArchived: true\n},{\n  isPinned: false,\n  isArchived: false,\n  isDeleted: false,\n  _id: new ObjectId(\"613747f7af5f201cb73364d4\"),\n  title: 'First Note',\n  description: 'Lorem Ipsum',\n  color: '#FFFFFF',\n  __v: 0\n},{\n  isPinned: false,\n  isArchived: false,\n  _id: new ObjectId(\"6138d5294dbaec63e2a81c8f\"),\n  title: 'First Note',\n  description: 'Lorem DIpsum',\n  isDeleted: true,\n  color: '#FFFFFF',\n  __v: 0\n}","level":"info","service":"user-service"}
{"message":"13/09/2021, 18:10:09: Successfully queried all users","level":"info","service":"user-service"}
{"message":"13/09/2021, 18:10:09: Status 500: res is not defined","level":"error","service":"user-service"}
{"message":"13/09/2021, 18:10:09: Successfully queried all users","level":"info","service":"user-service"}
{"message":"13/09/2021, 18:10:09: Status 500: res is not defined","level":"error","service":"user-service"}
{"message":"13/09/2021, 18:11:41: Successfully queried all users","level":"info","service":"user-service"}
{"message":"13/09/2021, 18:11:41: Status 500: res is not defined","level":"error","service":"user-service"}
{"message":"13/09/2021, 18:11:41: Successfully queried all notes: {\n  isPinned: false,\n  _id: new ObjectId(\"613747deaf5f201cb73364d2\"),\n  title: 'First Note',\n  description: 'Lorem Ipsum',\n  __v: 0,\n  isDeleted: true,\n  isArchived: true\n},{\n  isPinned: false,\n  isArchived: false,\n  isDeleted: false,\n  _id: new ObjectId(\"613747f7af5f201cb73364d4\"),\n  title: 'First Note',\n  description: 'Lorem Ipsum',\n  color: '#FFFFFF',\n  __v: 0\n},{\n  isPinned: false,\n  isArchived: false,\n  _id: new ObjectId(\"6138d5294dbaec63e2a81c8f\"),\n  title: 'First Note',\n  description: 'Lorem DIpsum',\n  isDeleted: true,\n  color: '#FFFFFF',\n  __v: 0\n}","level":"info","service":"user-service"}
{"message":"13/09/2021, 18:12:58: Successfully queried all users","level":"info","service":"user-service"}
{"message":"13/09/2021, 18:13:32: Status 404: Invalid credentials! User not found.","level":"error","service":"user-service"}
{"message":"13/09/2021, 18:13:32: Status 422: [object Object]","level":"error","service":"user-service"}
{"message":"13/09/2021, 18:13:32: Status 404: Invalid credentials! User not found.","level":"error","service":"user-service"}
{"message":"13/09/2021, 18:26:28: Status 404: Invalid credentials! User not found.","level":"error","service":"user-service"}
{"message":"13/09/2021, 18:26:28: Status 404: Invalid credentials! User not found.","level":"error","service":"user-service"}
{"message":"13/09/2021, 18:26:28: Status 404: Invalid credentials! User not found.","level":"error","service":"user-service"}
{"message":"13/09/2021, 18:26:28: Status 404: Invalid credentials! User not found.","level":"error","service":"user-service"}
{"message":"13/09/2021, 18:26:28: Status 404: Invalid credentials! User not found.","level":"error","service":"user-service"}
{"message":"13/09/2021, 18:26:28: Status 404: Invalid credentials! User not found.","level":"error","service":"user-service"}
{"message":"13/09/2021, 18:26:28: Status 404: Invalid credentials! User not found.","level":"error","service":"user-service"}
{"message":"13/09/2021, 18:26:28: Status 404: Invalid credentials! User not found.","level":"error","service":"user-service"}
{"message":"13/09/2021, 18:33:56: Status 404: Invalid credentials! User not found.","level":"error","service":"user-service"}
{"message":"13/09/2021, 18:33:56: Status 404: Invalid credentials! User not found.","level":"error","service":"user-service"}
{"message":"13/09/2021, 18:33:56: Status 404: Invalid credentials! User not found.","level":"error","service":"user-service"}
{"message":"13/09/2021, 18:34:24: Successfully inserted a note: {\n  title: 'First Note',\n  description: 'Lorem DIpsum',\n  isPinned: false,\n  isArchived: false,\n  isDeleted: false,\n  _id: new ObjectId(\"613f4c5b91ec279e494efc90\"),\n  color: '#FFFFFF',\n  __v: 0\n}","level":"info","service":"user-service"}
{"message":"13/09/2021, 18:34:24: Successfully queried all users","level":"info","service":"user-service"}
{"message":"13/09/2021, 18:34:24: Status 404: Invalid credentials! User not found.","level":"error","service":"user-service"}
{"message":"13/09/2021, 18:35:11: Query Result: {\n  _id: new ObjectId(\"6135ba55436f052014590ffd\"),\n  firstName: 'Abc',\n  lastName: 'Def',\n  email: 'test@yahoo.com',\n  password: '4532DS',\n  __v: 0\n}","level":"info","service":"user-service"}
{"message":"13/09/2021, 18:35:11: Status 200: Successfully queried\n{\n  _id: new ObjectId(\"6135ba55436f052014590ffd\"),\n  firstName: 'Abc',\n  lastName: 'Def',\n  email: 'test@yahoo.com',\n  password: '4532DS',\n  __v: 0\n}","level":"info","service":"user-service"}
{"message":"13/09/2021, 18:35:20: Query Result: {\n  _id: new ObjectId(\"6135ba55436f052014590ffd\"),\n  firstName: 'Abc',\n  lastName: 'Def',\n  email: 'test@yahoo.com',\n  password: '4532DS',\n  __v: 0\n}","level":"info","service":"user-service"}
{"message":"13/09/2021, 18:35:20: Status 200: Successfully queried\n{\n  _id: new ObjectId(\"6135ba55436f052014590ffd\"),\n  firstName: 'Abc',\n  lastName: 'Def',\n  email: 'test@yahoo.com',\n  password: '4532DS',\n  __v: 0\n}","level":"info","service":"user-service"}
{"message":"13/09/2021, 18:35:20: Successfully queried all notes: {\n  isPinned: false,\n  _id: new ObjectId(\"613747deaf5f201cb73364d2\"),\n  title: 'First Note',\n  description: 'Lorem Ipsum',\n  __v: 0,\n  isDeleted: true,\n  isArchived: true\n},{\n  isPinned: false,\n  isArchived: false,\n  isDeleted: false,\n  _id: new ObjectId(\"613747f7af5f201cb73364d4\"),\n  title: 'First Note',\n  description: 'Lorem Ipsum',\n  color: '#FFFFFF',\n  __v: 0\n},{\n  isPinned: false,\n  isArchived: false,\n  _id: new ObjectId(\"6138d5294dbaec63e2a81c8f\"),\n  title: 'First Note',\n  description: 'Lorem DIpsum',\n  isDeleted: true,\n  color: '#FFFFFF',\n  __v: 0\n},{\n  _id: new ObjectId(\"613f4c5b91ec279e494efc90\"),\n  title: 'First Note',\n  description: 'Lorem DIpsum',\n  isPinned: false,\n  isArchived: false,\n  isDeleted: false,\n  color: '#FFFFFF',\n  __v: 0\n}","level":"info","service":"user-service"}
{"message":"13/09/2021, 18:39:35: Successfully queried all users","level":"info","service":"user-service"}
{"message":"13/09/2021, 18:40:18: Query Result: {\n  _id: new ObjectId(\"6135ba55436f052014590ffd\"),\n  firstName: 'Abc',\n  lastName: 'Def',\n  email: 'test@yahoo.com',\n  password: '4532DS',\n  __v: 0\n}","level":"info","service":"user-service"}
{"message":"13/09/2021, 18:40:18: Status 200: Successfully queried\n{\n  _id: new ObjectId(\"6135ba55436f052014590ffd\"),\n  firstName: 'Abc',\n  lastName: 'Def',\n  email: 'test@yahoo.com',\n  password: '4532DS',\n  __v: 0\n}","level":"info","service":"user-service"}
{"message":"13/09/2021, 18:40:18: Successfully queried all users","level":"info","service":"user-service"}
{"message":"13/09/2021, 18:40:18: Successfully queried all users","level":"info","service":"user-service"}
{"message":"13/09/2021, 21:22:24: Status 422: [object Object]","level":"error","service":"user-service"}
{"message":"13/09/2021, 21:22:24: Status 422: [object Object]","level":"error","service":"user-service"}
{"message":"13/09/2021, 21:22:24: Successfully signed up: {\n  firstName: 'John',\n  lastName: 'Doe',\n  email: 'admin@yahoo.com',\n  password: '$2b$10$Wu1f0cl0A8qRlmWgVEa8RuwjknWLWQ/FsogpgIbW2o1B5iWkfto/W',\n  _id: new ObjectId(\"613f73d563fc0909e1799c75\"),\n  __v: 0\n}","level":"info","service":"user-service"}
{"message":"13/09/2021, 21:22:24: Status 400: Cannot set headers after they are sent to the client.","level":"error","service":"user-service"}
{"message":"13/09/2021, 21:24:59: Status 422: [object Object]","level":"error","service":"user-service"}
{"message":"13/09/2021, 21:24:59: Status 422: User already exists.","level":"error","service":"user-service"}
{"message":"13/09/2021, 21:26:09: Status 422: [object Object]","level":"error","service":"user-service"}
{"message":"13/09/2021, 21:26:09: Status 422: User already exists.","level":"error","service":"user-service"}
{"message":"13/09/2021, 21:27:42: Status 422: [object Object]","level":"error","service":"user-service"}
{"message":"13/09/2021, 21:27:42: Status 422: User already exists.","level":"error","service":"user-service"}
{"message":"14/09/2021, 06:29:46: Status 422: [object Object]","level":"error","service":"user-service"}
{"message":"14/09/2021, 06:29:46: Status 422: User already exists.","level":"error","service":"user-service"}
{"message":"14/09/2021, 06:31:13: Status 422: [object Object]","level":"error","service":"user-service"}
{"message":"14/09/2021, 06:31:13: Status 422: User already exists.","level":"error","service":"user-service"}
{"message":"14/09/2021, 06:32:32: Status 422: [object Object]","level":"error","service":"user-service"}
{"message":"14/09/2021, 06:32:32: Status 422: User already exists.","level":"error","service":"user-service"}
{"message":"14/09/2021, 06:34:58: Status 422: [object Object]","level":"error","service":"user-service"}
{"message":"14/09/2021, 06:34:58: Status 422: User already exists.","level":"error","service":"user-service"}
{"message":"14/09/2021, 06:34:58: Query Result: {\n  _id: new ObjectId(\"613f73d563fc0909e1799c75\"),\n  firstName: 'John',\n  lastName: 'Doe',\n  email: 'admin@yahoo.com',\n  password: '$2b$10$Wu1f0cl0A8qRlmWgVEa8RuwjknWLWQ/FsogpgIbW2o1B5iWkfto/W',\n  __v: 0\n}","level":"info","service":"user-service"}
{"message":"14/09/2021, 06:34:58: Status 200: Successfully queried\n{\n  _id: new ObjectId(\"613f73d563fc0909e1799c75\"),\n  firstName: 'John',\n  lastName: 'Doe',\n  email: 'admin@yahoo.com',\n  password: '$2b$10$Wu1f0cl0A8qRlmWgVEa8RuwjknWLWQ/FsogpgIbW2o1B5iWkfto/W',\n  __v: 0\n}","level":"info","service":"user-service"}
{"message":"14/09/2021, 06:34:58: Successfully queried all users","level":"info","service":"user-service"}
{"message":"14/09/2021, 06:34:58: Status 422: [object Object]","level":"error","service":"user-service"}
{"message":"14/09/2021, 06:34:58: Successfully signed up: {\n  firstName: 'John',\n  lastName: 'Doe',\n  email: 'admintwo@yahoo.com',\n  password: '$2b$10$w.CqjNfCTPHakgOZlya3Quy/uAyL0Tn89nQkNKkpj9npc32uFAt.W',\n  _id: new ObjectId(\"613ff5aade5cf081ee12e2da\"),\n  __v: 0\n}","level":"info","service":"user-service"}
{"message":"14/09/2021, 06:34:58: Status 400: Cannot set headers after they are sent to the client.","level":"error","service":"user-service"}
{"message":"14/09/2021, 06:34:58: Query Result: {\n  _id: new ObjectId(\"613ff5aade5cf081ee12e2da\"),\n  firstName: 'John',\n  lastName: 'Doe',\n  email: 'admintwo@yahoo.com',\n  password: '$2b$10$w.CqjNfCTPHakgOZlya3Quy/uAyL0Tn89nQkNKkpj9npc32uFAt.W',\n  __v: 0\n}","level":"info","service":"user-service"}
{"message":"14/09/2021, 06:34:58: Status 200: Successfully queried\n{\n  _id: new ObjectId(\"613ff5aade5cf081ee12e2da\"),\n  firstName: 'John',\n  lastName: 'Doe',\n  email: 'admintwo@yahoo.com',\n  password: '$2b$10$w.CqjNfCTPHakgOZlya3Quy/uAyL0Tn89nQkNKkpj9npc32uFAt.W',\n  __v: 0\n}","level":"info","service":"user-service"}
{"message":"14/09/2021, 06:34:58: Successfully queried all users","level":"info","service":"user-service"}
{"message":"14/09/2021, 06:49:56: Query Result: {\n  _id: new ObjectId(\"613ff5aade5cf081ee12e2da\"),\n  firstName: 'John',\n  lastName: 'Doe',\n  email: 'admintwo@yahoo.com',\n  password: '$2b$10$w.CqjNfCTPHakgOZlya3Quy/uAyL0Tn89nQkNKkpj9npc32uFAt.W',\n  __v: 0\n}","level":"info","service":"user-service"}
{"message":"14/09/2021, 06:49:56: Status 200: Successfully queried\n{\n  _id: new ObjectId(\"613ff5aade5cf081ee12e2da\"),\n  firstName: 'John',\n  lastName: 'Doe',\n  email: 'admintwo@yahoo.com',\n  password: '$2b$10$w.CqjNfCTPHakgOZlya3Quy/uAyL0Tn89nQkNKkpj9npc32uFAt.W',\n  __v: 0\n}","level":"info","service":"user-service"}
{"message":"14/09/2021, 06:50:50: Query Result: {\n  _id: new ObjectId(\"613ff5aade5cf081ee12e2da\"),\n  firstName: 'John',\n  lastName: 'Doe',\n  email: 'admintwo@yahoo.com',\n  password: '$2b$10$w.CqjNfCTPHakgOZlya3Quy/uAyL0Tn89nQkNKkpj9npc32uFAt.W',\n  __v: 0\n}","level":"info","service":"user-service"}
{"message":"14/09/2021, 06:50:50: Status 200: Successfully queried\n{\n  _id: new ObjectId(\"613ff5aade5cf081ee12e2da\"),\n  firstName: 'John',\n  lastName: 'Doe',\n  email: 'admintwo@yahoo.com',\n  password: '$2b$10$w.CqjNfCTPHakgOZlya3Quy/uAyL0Tn89nQkNKkpj9npc32uFAt.W',\n  __v: 0\n}","level":"info","service":"user-service"}
{"message":"14/09/2021, 06:51:53: Query Result: {\n  _id: new ObjectId(\"613ff5aade5cf081ee12e2da\"),\n  firstName: 'John',\n  lastName: 'Doe',\n  email: 'admintwo@yahoo.com',\n  password: '$2b$10$w.CqjNfCTPHakgOZlya3Quy/uAyL0Tn89nQkNKkpj9npc32uFAt.W',\n  __v: 0\n}","level":"info","service":"user-service"}
{"message":"14/09/2021, 06:51:53: Status 200: Successfully queried\n{\n  _id: new ObjectId(\"613ff5aade5cf081ee12e2da\"),\n  firstName: 'John',\n  lastName: 'Doe',\n  email: 'admintwo@yahoo.com',\n  password: '$2b$10$w.CqjNfCTPHakgOZlya3Quy/uAyL0Tn89nQkNKkpj9npc32uFAt.W',\n  __v: 0\n}","level":"info","service":"user-service"}
{"message":"14/09/2021, 06:52:30: Query Result: {\n  _id: new ObjectId(\"613ff5aade5cf081ee12e2da\"),\n  firstName: 'John',\n  lastName: 'Doe',\n  email: 'admintwo@yahoo.com',\n  password: '$2b$10$w.CqjNfCTPHakgOZlya3Quy/uAyL0Tn89nQkNKkpj9npc32uFAt.W',\n  __v: 0\n}","level":"info","service":"user-service"}
{"message":"14/09/2021, 06:52:30: Status 200: Successfully queried\n{\n  _id: new ObjectId(\"613ff5aade5cf081ee12e2da\"),\n  firstName: 'John',\n  lastName: 'Doe',\n  email: 'admintwo@yahoo.com',\n  password: '$2b$10$w.CqjNfCTPHakgOZlya3Quy/uAyL0Tn89nQkNKkpj9npc32uFAt.W',\n  __v: 0\n}","level":"info","service":"user-service"}
{"message":"14/09/2021, 06:52:30: Successfully queried all users","level":"info","service":"user-service"}
{"message":"14/09/2021, 06:52:30: Status 422: [object Object]","level":"error","service":"user-service"}
{"message":"14/09/2021, 06:52:30: Successfully signed up: {\n  firstName: 'John',\n  lastName: 'Doe',\n  email: 'adminthree@yahoo.com',\n  password: '$2b$10$VP.8hKPhmO9E7h9tT/Lfw.AeOHt6CqnIc/1zLuOWMD7i2nuPX5S0K',\n  _id: new ObjectId(\"613ff9862077d6184b40a36f\"),\n  __v: 0\n}","level":"info","service":"user-service"}
{"message":"14/09/2021, 06:52:30: Status 400: Cannot set headers after they are sent to the client.","level":"error","service":"user-service"}
{"message":"14/09/2021, 06:59:19: Status 422: [object Object]","level":"error","service":"user-service"}
{"message":"14/09/2021, 06:59:19: Successfully signed up: {\n  firstName: 'John',\n  lastName: 'Doe',\n  email: 'adminf@yahoo.com',\n  password: '$2b$10$MZvYzqszRh.7BXpn2380VO3ec9axu1N5GmczqcTG9vTcU5JjWsm9W',\n  _id: new ObjectId(\"613ffaf6d368c951adb254a7\"),\n  __v: 0\n}","level":"info","service":"user-service"}
{"message":"14/09/2021, 06:59:19: Status 400: Cannot set headers after they are sent to the client.","level":"error","service":"user-service"}
{"message":"14/09/2021, 06:59:19: Status 422: [object Object]","level":"error","service":"user-service"}
{"message":"14/09/2021, 06:59:19: Status 422: User already exists.","level":"error","service":"user-service"}
